#
# There is insufficient memory for the Java Runtime Environment to continue.
# Native memory allocation (malloc) failed to allocate 1460184 bytes. Error detail: Chunk::new
# Possible reasons:
#   The system is out of physical RAM or swap space
#   This process is running with CompressedOops enabled, and the Java Heap may be blocking the growth of the native heap
# Possible solutions:
#   Reduce memory load on the system
#   Increase physical memory or swap space
#   Check if swap backing store is full
#   Decrease Java heap size (-Xmx/-Xms)
#   Decrease number of Java threads
#   Decrease Java thread stack sizes (-Xss)
#   Set larger code cache with -XX:ReservedCodeCacheSize=
#   JVM is running with Unscaled Compressed Oops mode in which the Java heap is
#     placed in the first 4GB address space. The Java Heap base address is the
#     maximum limit for the native heap growth. Please use -XX:HeapBaseMinAddress
#     to set the Java Heap base and to place the Java Heap above 4GB virtual address.
# This output file may be truncated or incomplete.
#
#  Out of Memory Error (arena.cpp:186), pid=31688, tid=29644
#
# JRE version: Java(TM) SE Runtime Environment (25.0.1+8) (build 25.0.1+8-LTS-27)
# Java VM: Java HotSpot(TM) 64-Bit Server VM (25.0.1+8-LTS-27, mixed mode, sharing, tiered, compressed oops, compressed class ptrs, g1 gc, windows-amd64)
# No core dump will be written. Minidumps are not enabled by default on client versions of Windows
#

---------------  S U M M A R Y ------------

Command Line: --enable-native-access=ALL-UNNAMED -Dclassworlds.conf=C:\Users\ASUS\.m2\wrapper\dists\apache-maven-3.9.14\ed7edd442f634ac1c1ef5ba2b61b6d690b5221091f1a8e1123f5fadcc967520d\bin\m2.conf -Dmaven.home=C:\Users\ASUS\.m2\wrapper\dists\apache-maven-3.9.14\ed7edd442f634ac1c1ef5ba2b61b6d690b5221091f1a8e1123f5fadcc967520d -Dlibrary.jansi.path=C:\Users\ASUS\.m2\wrapper\dists\apache-maven-3.9.14\ed7edd442f634ac1c1ef5ba2b61b6d690b5221091f1a8e1123f5fadcc967520d\lib\jansi-native -Dmaven.multiModuleProjectDirectory=D:\SPRINGBOOT\spring_april\spring_april org.codehaus.plexus.classworlds.launcher.Launcher compile

Host: AMD Ryzen 7 7435HS                             , 16 cores, 7G,  Windows 11 , 64 bit Build 26100 (10.0.26100.5074)
Time: Mon Apr 20 22:54:22 2026 SE Asia Standard Time elapsed time: 4.306853 seconds (0d 0h 0m 4s)

---------------  T H R E A D  ---------------

Current thread (0x0000026d3d412fc0):  JavaThread "C2 CompilerThread1" daemon [_thread_in_native, id=29644, stack(0x000000e932600000,0x000000e932700000) (1024K)]


Current CompileTask:
C2:4306 2031       4       java.lang.reflect.Method::getAnnotation (6 bytes)

Stack: [0x000000e932600000,0x000000e932700000]
Native frames: (J=compiled Java code, j=interpreted, Vv=VM code, C=native code)
V  [jvm.dll+0x7a6b59]  (no source info available)
V  [jvm.dll+0x77290d]  (no source info available)
V  [jvm.dll+0x966153]  (no source info available)
V  [jvm.dll+0x968751]  (no source info available)
V  [jvm.dll+0x968e53]  (no source info available)
V  [jvm.dll+0x2fc756]  (no source info available)
V  [jvm.dll+0x111b26]  (no source info available)
V  [jvm.dll+0x111e4e]  (no source info available)
V  [jvm.dll+0x1a0a22]  (no source info available)
V  [jvm.dll+0x3b53c2]  (no source info available)
V  [jvm.dll+0x7ac4ef]  (no source info available)
V  [jvm.dll+0x2c0ac7]  (no source info available)
V  [jvm.dll+0x2bfa8f]  (no source info available)
V  [jvm.dll+0x237b60]  (no source info available)
V  [jvm.dll+0x2cfb56]  (no source info available)
V  [jvm.dll+0x2cddd5]  (no source info available)
V  [jvm.dll+0x48e6d1]  (no source info available)
V  [jvm.dll+0x906a0d]  (no source info available)
V  [jvm.dll+0x7a5135]  (no source info available)
C  [ucrtbase.dll+0x37b0]  (no source info available)
C  [KERNEL32.DLL+0x2e8d7]  (no source info available)
C  [ntdll.dll+0x8d9c]  (no source info available)

Lock stack of current Java thread (top to bottom):


---------------  P R O C E S S  ---------------

Threads class SMR info:
_java_thread_list=0x0000026d42ab7a00, length=12, elements={
0x0000026d1dd78bd0, 0x0000026d3d3c0d10, 0x0000026d3d3c44f0, 0x0000026d3d3c5940,
0x0000026d3d3c6500, 0x0000026d3d3c71f0, 0x0000026d3d3d11d0, 0x0000026d3d40b1b0,
0x0000026d3d410770, 0x0000026d3d9ac5d0, 0x0000026d3d9b51c0, 0x0000026d3d412fc0
}

Java Threads: ( => current thread )
  0x0000026d1dd78bd0 JavaThread "main"                              [_thread_in_Java, id=30268, stack(0x000000e931200000,0x000000e931300000) (1024K)]
  0x0000026d3d3c0d10 JavaThread "Reference Handler"          daemon [_thread_blocked, id=26232, stack(0x000000e931a00000,0x000000e931b00000) (1024K)]
  0x0000026d3d3c44f0 JavaThread "Finalizer"                  daemon [_thread_blocked, id=35160, stack(0x000000e931b00000,0x000000e931c00000) (1024K)]
  0x0000026d3d3c5940 JavaThread "Signal Dispatcher"          daemon [_thread_blocked, id=28412, stack(0x000000e931c00000,0x000000e931d00000) (1024K)]
  0x0000026d3d3c6500 JavaThread "Attach Listener"            daemon [_thread_blocked, id=29468, stack(0x000000e931d00000,0x000000e931e00000) (1024K)]
  0x0000026d3d3c71f0 JavaThread "Service Thread"             daemon [_thread_blocked, id=28424, stack(0x000000e931e00000,0x000000e931f00000) (1024K)]
  0x0000026d3d3d11d0 JavaThread "Monitor Deflation Thread"   daemon [_thread_blocked, id=17224, stack(0x000000e931f00000,0x000000e932000000) (1024K)]
  0x0000026d3d40b1b0 JavaThread "C2 CompilerThread0"         daemon [_thread_blocked, id=36524, stack(0x000000e932000000,0x000000e932100000) (1024K)]
  0x0000026d3d410770 JavaThread "C1 CompilerThread0"         daemon [_thread_in_vm, id=4464, stack(0x000000e932100000,0x000000e932200000) (1024K)]
  0x0000026d3d9ac5d0 JavaThread "Notification Thread"        daemon [_thread_blocked, id=31868, stack(0x000000e932300000,0x000000e932400000) (1024K)]
  0x0000026d3d9b51c0 JavaThread "Common-Cleaner"             daemon [_thread_blocked, id=34516, stack(0x000000e932400000,0x000000e932500000) (1024K)]
=>0x0000026d3d412fc0 JavaThread "C2 CompilerThread1"         daemon [_thread_in_native, id=29644, stack(0x000000e932600000,0x000000e932700000) (1024K)]
Total: 12

Other Threads:
  0x0000026d3d3b13c0 VMThread "VM Thread"                           [id=29656, stack(0x000000e931900000,0x000000e931a00000) (1024K)]
  0x0000026d3d39f130 WatcherThread "VM Periodic Task Thread"        [id=29712, stack(0x000000e931800000,0x000000e931900000) (1024K)]
  0x0000026d1e1ec350 WorkerThread "GC Thread#0"                     [id=8676, stack(0x000000e931300000,0x000000e931400000) (1024K)]
  0x0000026d42b71650 WorkerThread "GC Thread#1"                     [id=31628, stack(0x000000e932500000,0x000000e932600000) (1024K)]
  0x0000026d42b9e750 WorkerThread "GC Thread#2"                     [id=23332, stack(0x000000e932700000,0x000000e932800000) (1024K)]
  0x0000026d42c22b70 WorkerThread "GC Thread#3"                     [id=32344, stack(0x000000e932800000,0x000000e932900000) (1024K)]
  0x0000026d42c233b0 WorkerThread "GC Thread#4"                     [id=32116, stack(0x000000e932900000,0x000000e932a00000) (1024K)]
  0x0000026d1e205ad0 ConcurrentGCThread "G1 Main Marker"            [id=32340, stack(0x000000e931400000,0x000000e931500000) (1024K)]
  0x0000026d1e207420 WorkerThread "G1 Conc#0"                       [id=2116, stack(0x000000e931500000,0x000000e931600000) (1024K)]
  0x0000026d1e24ea10 ConcurrentGCThread "G1 Refine#0"               [id=36224, stack(0x000000e931600000,0x000000e931700000) (1024K)]
  0x0000026d3d2707e0 ConcurrentGCThread "G1 Service"                [id=26152, stack(0x000000e931700000,0x000000e931800000) (1024K)]
Total: 11

Threads with active compile tasks:
C2 CompilerThread1  4387 2031       4       java.lang.reflect.Method::getAnnotation (6 bytes)
Total: 1

VM state: not at safepoint (normal execution)

VM Mutex/Monitor currently owned by a thread: None

Heap address: 0x0000000082c00000, size: 2004 MB, Compressed Oops mode: 32-bit

CDS archive(s) mapped at: [0x0000000020000000-0x0000000020dd0000-0x0000000020dd0000), size 14483456, SharedBaseAddress: 0x0000000020000000, ArchiveRelocationMode: 1.
Compressed class space mapped at: 0x0000000021000000-0x0000000061000000, reserved size: 1073741824
UseCompressedClassPointers 1, UseCompactObjectHeaders 0
Narrow klass pointer bits 32, Max shift 3
Narrow klass base: 0x0000000020000000, Narrow klass shift: 0
Encoding Range: [0x0000000020000000 - 0x0000000120000000), (4294967296 bytes)
Klass Range:    [0x0000000020010000 - 0x0000000061000000), (1090453504 bytes)
Klass ID Range:  [65536 - 1090519033) (1090453497)
Protection zone: [0x0000000020000000 - 0x0000000020010000), (65536 bytes)

GC Precious Log:
 CardTable entry size: 512
 Card Set container configuration: InlinePtr #cards 5 size 8 Array Of Cards #cards 10 size 36 Howl #buckets 4 coarsen threshold 1843 Howl Bitmap #cards 512 size 80 coarsen threshold 460 Card regions per heap region 1 cards per card region 2048
 CPUs: 16 total, 16 available
 Memory: 8010M
 Large Page Support: Disabled
 NUMA Support: Disabled
 Compressed Oops: Enabled (32-bit)
 Heap Region Size: 1M
 Heap Min Capacity: 8M
 Heap Initial Capacity: 126M
 Heap Max Capacity: 2004M
 Pre-touch: Disabled
 Parallel Workers: 13
 Concurrent Workers: 3
 Concurrent Refinement Workers: 13
 Periodic GC: Disabled

Heap:
 garbage-first heap   total reserved 2052096K, committed 131072K, used 9920K [0x0000000082c00000, 0x0000000100000000)
  region size 1024K, 10 young (10240K), 5 survivors (5120K)

Heap Regions: E=young(eden), S=young(survivor), O=old, HS=humongous(starts), HC=humongous(continues), CS=collection set, F=free, TAMS=top-at-mark-start, PB=parsable bottom
|   0|0x0000000082c00000, 0x0000000082c00000, 0x0000000082d00000|  0%| F|  |TAMS 0x0000000082c00000| PB 0x0000000082c00000| Untracked |  0
|   1|0x0000000082d00000, 0x0000000082d00000, 0x0000000082e00000|  0%| F|  |TAMS 0x0000000082d00000| PB 0x0000000082d00000| Untracked |  0
|   2|0x0000000082e00000, 0x0000000082e00000, 0x0000000082f00000|  0%| F|  |TAMS 0x0000000082e00000| PB 0x0000000082e00000| Untracked |  0
|   3|0x0000000082f00000, 0x0000000082f00000, 0x0000000083000000|  0%| F|  |TAMS 0x0000000082f00000| PB 0x0000000082f00000| Untracked |  0
|   4|0x0000000083000000, 0x0000000083000000, 0x0000000083100000|  0%| F|  |TAMS 0x0000000083000000| PB 0x0000000083000000| Untracked |  0
|   5|0x0000000083100000, 0x0000000083100000, 0x0000000083200000|  0%| F|  |TAMS 0x0000000083100000| PB 0x0000000083100000| Untracked |  0
|   6|0x0000000083200000, 0x0000000083200000, 0x0000000083300000|  0%| F|  |TAMS 0x0000000083200000| PB 0x0000000083200000| Untracked |  0
|   7|0x0000000083300000, 0x0000000083300000, 0x0000000083400000|  0%| F|  |TAMS 0x0000000083300000| PB 0x0000000083300000| Untracked |  0
|   8|0x0000000083400000, 0x0000000083400000, 0x0000000083500000|  0%| F|  |TAMS 0x0000000083400000| PB 0x0000000083400000| Untracked |  0
|   9|0x0000000083500000, 0x0000000083500000, 0x0000000083600000|  0%| F|  |TAMS 0x0000000083500000| PB 0x0000000083500000| Untracked |  0
|  10|0x0000000083600000, 0x0000000083600000, 0x0000000083700000|  0%| F|  |TAMS 0x0000000083600000| PB 0x0000000083600000| Untracked |  0
|  11|0x0000000083700000, 0x0000000083700000, 0x0000000083800000|  0%| F|  |TAMS 0x0000000083700000| PB 0x0000000083700000| Untracked |  0
|  12|0x0000000083800000, 0x0000000083800000, 0x0000000083900000|  0%| F|  |TAMS 0x0000000083800000| PB 0x0000000083800000| Untracked |  0
|  13|0x0000000083900000, 0x0000000083900000, 0x0000000083a00000|  0%| F|  |TAMS 0x0000000083900000| PB 0x0000000083900000| Untracked |  0
|  14|0x0000000083a00000, 0x0000000083a00000, 0x0000000083b00000|  0%| F|  |TAMS 0x0000000083a00000| PB 0x0000000083a00000| Untracked |  0
|  15|0x0000000083b00000, 0x0000000083b00000, 0x0000000083c00000|  0%| F|  |TAMS 0x0000000083b00000| PB 0x0000000083b00000| Untracked |  0
|  16|0x0000000083c00000, 0x0000000083c00000, 0x0000000083d00000|  0%| F|  |TAMS 0x0000000083c00000| PB 0x0000000083c00000| Untracked |  0
|  17|0x0000000083d00000, 0x0000000083d00000, 0x0000000083e00000|  0%| F|  |TAMS 0x0000000083d00000| PB 0x0000000083d00000| Untracked |  0
|  18|0x0000000083e00000, 0x0000000083e00000, 0x0000000083f00000|  0%| F|  |TAMS 0x0000000083e00000| PB 0x0000000083e00000| Untracked |  0
|  19|0x0000000083f00000, 0x0000000083f00000, 0x0000000084000000|  0%| F|  |TAMS 0x0000000083f00000| PB 0x0000000083f00000| Untracked |  0
|  20|0x0000000084000000, 0x0000000084000000, 0x0000000084100000|  0%| F|  |TAMS 0x0000000084000000| PB 0x0000000084000000| Untracked |  0
|  21|0x0000000084100000, 0x0000000084100000, 0x0000000084200000|  0%| F|  |TAMS 0x0000000084100000| PB 0x0000000084100000| Untracked |  0
|  22|0x0000000084200000, 0x0000000084200000, 0x0000000084300000|  0%| F|  |TAMS 0x0000000084200000| PB 0x0000000084200000| Untracked |  0
|  23|0x0000000084300000, 0x0000000084300000, 0x0000000084400000|  0%| F|  |TAMS 0x0000000084300000| PB 0x0000000084300000| Untracked |  0
|  24|0x0000000084400000, 0x0000000084400000, 0x0000000084500000|  0%| F|  |TAMS 0x0000000084400000| PB 0x0000000084400000| Untracked |  0
|  25|0x0000000084500000, 0x0000000084500000, 0x0000000084600000|  0%| F|  |TAMS 0x0000000084500000| PB 0x0000000084500000| Untracked |  0
|  26|0x0000000084600000, 0x0000000084600000, 0x0000000084700000|  0%| F|  |TAMS 0x0000000084600000| PB 0x0000000084600000| Untracked |  0
|  27|0x0000000084700000, 0x0000000084700000, 0x0000000084800000|  0%| F|  |TAMS 0x0000000084700000| PB 0x0000000084700000| Untracked |  0
|  28|0x0000000084800000, 0x0000000084800000, 0x0000000084900000|  0%| F|  |TAMS 0x0000000084800000| PB 0x0000000084800000| Untracked |  0
|  29|0x0000000084900000, 0x0000000084900000, 0x0000000084a00000|  0%| F|  |TAMS 0x0000000084900000| PB 0x0000000084900000| Untracked |  0
|  30|0x0000000084a00000, 0x0000000084a00000, 0x0000000084b00000|  0%| F|  |TAMS 0x0000000084a00000| PB 0x0000000084a00000| Untracked |  0
|  31|0x0000000084b00000, 0x0000000084b00000, 0x0000000084c00000|  0%| F|  |TAMS 0x0000000084b00000| PB 0x0000000084b00000| Untracked |  0
|  32|0x0000000084c00000, 0x0000000084c00000, 0x0000000084d00000|  0%| F|  |TAMS 0x0000000084c00000| PB 0x0000000084c00000| Untracked |  0
|  33|0x0000000084d00000, 0x0000000084d00000, 0x0000000084e00000|  0%| F|  |TAMS 0x0000000084d00000| PB 0x0000000084d00000| Untracked |  0
|  34|0x0000000084e00000, 0x0000000084e00000, 0x0000000084f00000|  0%| F|  |TAMS 0x0000000084e00000| PB 0x0000000084e00000| Untracked |  0
|  35|0x0000000084f00000, 0x0000000084f00000, 0x0000000085000000|  0%| F|  |TAMS 0x0000000084f00000| PB 0x0000000084f00000| Untracked |  0
|  36|0x0000000085000000, 0x0000000085000000, 0x0000000085100000|  0%| F|  |TAMS 0x0000000085000000| PB 0x0000000085000000| Untracked |  0
|  37|0x0000000085100000, 0x0000000085100000, 0x0000000085200000|  0%| F|  |TAMS 0x0000000085100000| PB 0x0000000085100000| Untracked |  0
|  38|0x0000000085200000, 0x0000000085200000, 0x0000000085300000|  0%| F|  |TAMS 0x0000000085200000| PB 0x0000000085200000| Untracked |  0
|  39|0x0000000085300000, 0x0000000085300000, 0x0000000085400000|  0%| F|  |TAMS 0x0000000085300000| PB 0x0000000085300000| Untracked |  0
|  40|0x0000000085400000, 0x0000000085400000, 0x0000000085500000|  0%| F|  |TAMS 0x0000000085400000| PB 0x0000000085400000| Untracked |  0
|  41|0x0000000085500000, 0x0000000085500000, 0x0000000085600000|  0%| F|  |TAMS 0x0000000085500000| PB 0x0000000085500000| Untracked |  0
|  42|0x0000000085600000, 0x0000000085600000, 0x0000000085700000|  0%| F|  |TAMS 0x0000000085600000| PB 0x0000000085600000| Untracked |  0
|  43|0x0000000085700000, 0x0000000085700000, 0x0000000085800000|  0%| F|  |TAMS 0x0000000085700000| PB 0x0000000085700000| Untracked |  0
|  44|0x0000000085800000, 0x0000000085800000, 0x0000000085900000|  0%| F|  |TAMS 0x0000000085800000| PB 0x0000000085800000| Untracked |  0
|  45|0x0000000085900000, 0x0000000085900000, 0x0000000085a00000|  0%| F|  |TAMS 0x0000000085900000| PB 0x0000000085900000| Untracked |  0
|  46|0x0000000085a00000, 0x0000000085a00000, 0x0000000085b00000|  0%| F|  |TAMS 0x0000000085a00000| PB 0x0000000085a00000| Untracked |  0
|  47|0x0000000085b00000, 0x0000000085b00000, 0x0000000085c00000|  0%| F|  |TAMS 0x0000000085b00000| PB 0x0000000085b00000| Untracked |  0
|  48|0x0000000085c00000, 0x0000000085c00000, 0x0000000085d00000|  0%| F|  |TAMS 0x0000000085c00000| PB 0x0000000085c00000| Untracked |  0
|  49|0x0000000085d00000, 0x0000000085d00000, 0x0000000085e00000|  0%| F|  |TAMS 0x0000000085d00000| PB 0x0000000085d00000| Untracked |  0
|  50|0x0000000085e00000, 0x0000000085e00000, 0x0000000085f00000|  0%| F|  |TAMS 0x0000000085e00000| PB 0x0000000085e00000| Untracked |  0
|  51|0x0000000085f00000, 0x0000000085f00000, 0x0000000086000000|  0%| F|  |TAMS 0x0000000085f00000| PB 0x0000000085f00000| Untracked |  0
|  52|0x0000000086000000, 0x0000000086000000, 0x0000000086100000|  0%| F|  |TAMS 0x0000000086000000| PB 0x0000000086000000| Untracked |  0
|  53|0x0000000086100000, 0x0000000086100000, 0x0000000086200000|  0%| F|  |TAMS 0x0000000086100000| PB 0x0000000086100000| Untracked |  0
|  54|0x0000000086200000, 0x0000000086200000, 0x0000000086300000|  0%| F|  |TAMS 0x0000000086200000| PB 0x0000000086200000| Untracked |  0
|  55|0x0000000086300000, 0x0000000086300000, 0x0000000086400000|  0%| F|  |TAMS 0x0000000086300000| PB 0x0000000086300000| Untracked |  0
|  56|0x0000000086400000, 0x0000000086400000, 0x0000000086500000|  0%| F|  |TAMS 0x0000000086400000| PB 0x0000000086400000| Untracked |  0
|  57|0x0000000086500000, 0x0000000086500000, 0x0000000086600000|  0%| F|  |TAMS 0x0000000086500000| PB 0x0000000086500000| Untracked |  0
|  58|0x0000000086600000, 0x0000000086600000, 0x0000000086700000|  0%| F|  |TAMS 0x0000000086600000| PB 0x0000000086600000| Untracked |  0
|  59|0x0000000086700000, 0x0000000086700000, 0x0000000086800000|  0%| F|  |TAMS 0x0000000086700000| PB 0x0000000086700000| Untracked |  0
|  60|0x0000000086800000, 0x0000000086800000, 0x0000000086900000|  0%| F|  |TAMS 0x0000000086800000| PB 0x0000000086800000| Untracked |  0
|  61|0x0000000086900000, 0x0000000086900000, 0x0000000086a00000|  0%| F|  |TAMS 0x0000000086900000| PB 0x0000000086900000| Untracked |  0
|  62|0x0000000086a00000, 0x0000000086a00000, 0x0000000086b00000|  0%| F|  |TAMS 0x0000000086a00000| PB 0x0000000086a00000| Untracked |  0
|  63|0x0000000086b00000, 0x0000000086b00000, 0x0000000086c00000|  0%| F|  |TAMS 0x0000000086b00000| PB 0x0000000086b00000| Untracked |  0
|  64|0x0000000086c00000, 0x0000000086c00000, 0x0000000086d00000|  0%| F|  |TAMS 0x0000000086c00000| PB 0x0000000086c00000| Untracked |  0
|  65|0x0000000086d00000, 0x0000000086d00000, 0x0000000086e00000|  0%| F|  |TAMS 0x0000000086d00000| PB 0x0000000086d00000| Untracked |  0
|  66|0x0000000086e00000, 0x0000000086e00000, 0x0000000086f00000|  0%| F|  |TAMS 0x0000000086e00000| PB 0x0000000086e00000| Untracked |  0
|  67|0x0000000086f00000, 0x0000000086f00000, 0x0000000087000000|  0%| F|  |TAMS 0x0000000086f00000| PB 0x0000000086f00000| Untracked |  0
|  68|0x0000000087000000, 0x0000000087000000, 0x0000000087100000|  0%| F|  |TAMS 0x0000000087000000| PB 0x0000000087000000| Untracked |  0
|  69|0x0000000087100000, 0x0000000087100000, 0x0000000087200000|  0%| F|  |TAMS 0x0000000087100000| PB 0x0000000087100000| Untracked |  0
|  70|0x0000000087200000, 0x0000000087200000, 0x0000000087300000|  0%| F|  |TAMS 0x0000000087200000| PB 0x0000000087200000| Untracked |  0
|  71|0x0000000087300000, 0x0000000087300000, 0x0000000087400000|  0%| F|  |TAMS 0x0000000087300000| PB 0x0000000087300000| Untracked |  0
|  72|0x0000000087400000, 0x0000000087400000, 0x0000000087500000|  0%| F|  |TAMS 0x0000000087400000| PB 0x0000000087400000| Untracked |  0
|  73|0x0000000087500000, 0x0000000087500000, 0x0000000087600000|  0%| F|  |TAMS 0x0000000087500000| PB 0x0000000087500000| Untracked |  0
|  74|0x0000000087600000, 0x000000008768aaa0, 0x0000000087700000| 54%| S|CS|TAMS 0x0000000087600000| PB 0x0000000087600000| Complete |  0
|  75|0x0000000087700000, 0x0000000087800000, 0x0000000087800000|100%| S|CS|TAMS 0x0000000087700000| PB 0x0000000087700000| Complete |  0
|  76|0x0000000087800000, 0x0000000087900000, 0x0000000087900000|100%| S|CS|TAMS 0x0000000087800000| PB 0x0000000087800000| Complete |  0
|  77|0x0000000087900000, 0x0000000087a00000, 0x0000000087a00000|100%| S|CS|TAMS 0x0000000087900000| PB 0x0000000087900000| Complete |  0
|  78|0x0000000087a00000, 0x0000000087b00000, 0x0000000087b00000|100%| S|CS|TAMS 0x0000000087a00000| PB 0x0000000087a00000| Complete |  0
|  79|0x0000000087b00000, 0x0000000087b00000, 0x0000000087c00000|  0%| F|  |TAMS 0x0000000087b00000| PB 0x0000000087b00000| Untracked |  0
|  80|0x0000000087c00000, 0x0000000087c00000, 0x0000000087d00000|  0%| F|  |TAMS 0x0000000087c00000| PB 0x0000000087c00000| Untracked |  0
|  81|0x0000000087d00000, 0x0000000087d00000, 0x0000000087e00000|  0%| F|  |TAMS 0x0000000087d00000| PB 0x0000000087d00000| Untracked |  0
|  82|0x0000000087e00000, 0x0000000087e00000, 0x0000000087f00000|  0%| F|  |TAMS 0x0000000087e00000| PB 0x0000000087e00000| Untracked |  0
|  83|0x0000000087f00000, 0x0000000087f00000, 0x0000000088000000|  0%| F|  |TAMS 0x0000000087f00000| PB 0x0000000087f00000| Untracked |  0
|  84|0x0000000088000000, 0x0000000088000000, 0x0000000088100000|  0%| F|  |TAMS 0x0000000088000000| PB 0x0000000088000000| Untracked |  0
|  85|0x0000000088100000, 0x0000000088100000, 0x0000000088200000|  0%| F|  |TAMS 0x0000000088100000| PB 0x0000000088100000| Untracked |  0
|  86|0x0000000088200000, 0x0000000088200000, 0x0000000088300000|  0%| F|  |TAMS 0x0000000088200000| PB 0x0000000088200000| Untracked |  0
|  87|0x0000000088300000, 0x0000000088300000, 0x0000000088400000|  0%| F|  |TAMS 0x0000000088300000| PB 0x0000000088300000| Untracked |  0
|  88|0x0000000088400000, 0x0000000088400000, 0x0000000088500000|  0%| F|  |TAMS 0x0000000088400000| PB 0x0000000088400000| Untracked |  0
|  89|0x0000000088500000, 0x0000000088500000, 0x0000000088600000|  0%| F|  |TAMS 0x0000000088500000| PB 0x0000000088500000| Untracked |  0
|  90|0x0000000088600000, 0x0000000088600000, 0x0000000088700000|  0%| F|  |TAMS 0x0000000088600000| PB 0x0000000088600000| Untracked |  0
|  91|0x0000000088700000, 0x0000000088700000, 0x0000000088800000|  0%| F|  |TAMS 0x0000000088700000| PB 0x0000000088700000| Untracked |  0
|  92|0x0000000088800000, 0x0000000088800000, 0x0000000088900000|  0%| F|  |TAMS 0x0000000088800000| PB 0x0000000088800000| Untracked |  0
|  93|0x0000000088900000, 0x0000000088900000, 0x0000000088a00000|  0%| F|  |TAMS 0x0000000088900000| PB 0x0000000088900000| Untracked |  0
|  94|0x0000000088a00000, 0x0000000088a00000, 0x0000000088b00000|  0%| F|  |TAMS 0x0000000088a00000| PB 0x0000000088a00000| Untracked |  0
|  95|0x0000000088b00000, 0x0000000088b00000, 0x0000000088c00000|  0%| F|  |TAMS 0x0000000088b00000| PB 0x0000000088b00000| Untracked |  0
|  96|0x0000000088c00000, 0x0000000088c00000, 0x0000000088d00000|  0%| F|  |TAMS 0x0000000088c00000| PB 0x0000000088c00000| Untracked |  0
|  97|0x0000000088d00000, 0x0000000088d00000, 0x0000000088e00000|  0%| F|  |TAMS 0x0000000088d00000| PB 0x0000000088d00000| Untracked |  0
|  98|0x0000000088e00000, 0x0000000088e00000, 0x0000000088f00000|  0%| F|  |TAMS 0x0000000088e00000| PB 0x0000000088e00000| Untracked |  0
|  99|0x0000000088f00000, 0x0000000088f00000, 0x0000000089000000|  0%| F|  |TAMS 0x0000000088f00000| PB 0x0000000088f00000| Untracked |  0
| 100|0x0000000089000000, 0x0000000089000000, 0x0000000089100000|  0%| F|  |TAMS 0x0000000089000000| PB 0x0000000089000000| Untracked |  0
| 101|0x0000000089100000, 0x0000000089100000, 0x0000000089200000|  0%| F|  |TAMS 0x0000000089100000| PB 0x0000000089100000| Untracked |  0
| 102|0x0000000089200000, 0x0000000089200000, 0x0000000089300000|  0%| F|  |TAMS 0x0000000089200000| PB 0x0000000089200000| Untracked |  0
| 103|0x0000000089300000, 0x0000000089300000, 0x0000000089400000|  0%| F|  |TAMS 0x0000000089300000| PB 0x0000000089300000| Untracked |  0
| 104|0x0000000089400000, 0x0000000089400000, 0x0000000089500000|  0%| F|  |TAMS 0x0000000089400000| PB 0x0000000089400000| Untracked |  0
| 105|0x0000000089500000, 0x0000000089500000, 0x0000000089600000|  0%| F|  |TAMS 0x0000000089500000| PB 0x0000000089500000| Untracked |  0
| 106|0x0000000089600000, 0x0000000089600000, 0x0000000089700000|  0%| F|  |TAMS 0x0000000089600000| PB 0x0000000089600000| Untracked |  0
| 107|0x0000000089700000, 0x0000000089700000, 0x0000000089800000|  0%| F|  |TAMS 0x0000000089700000| PB 0x0000000089700000| Untracked |  0
| 108|0x0000000089800000, 0x0000000089800000, 0x0000000089900000|  0%| F|  |TAMS 0x0000000089800000| PB 0x0000000089800000| Untracked |  0
| 109|0x0000000089900000, 0x0000000089900000, 0x0000000089a00000|  0%| F|  |TAMS 0x0000000089900000| PB 0x0000000089900000| Untracked |  0
| 110|0x0000000089a00000, 0x0000000089a00000, 0x0000000089b00000|  0%| F|  |TAMS 0x0000000089a00000| PB 0x0000000089a00000| Untracked |  0
| 111|0x0000000089b00000, 0x0000000089b00000, 0x0000000089c00000|  0%| F|  |TAMS 0x0000000089b00000| PB 0x0000000089b00000| Untracked |  0
| 112|0x0000000089c00000, 0x0000000089c00000, 0x0000000089d00000|  0%| F|  |TAMS 0x0000000089c00000| PB 0x0000000089c00000| Untracked |  0
| 113|0x0000000089d00000, 0x0000000089d00000, 0x0000000089e00000|  0%| F|  |TAMS 0x0000000089d00000| PB 0x0000000089d00000| Untracked |  0
| 114|0x0000000089e00000, 0x0000000089e00000, 0x0000000089f00000|  0%| F|  |TAMS 0x0000000089e00000| PB 0x0000000089e00000| Untracked |  0
| 115|0x0000000089f00000, 0x0000000089f00000, 0x000000008a000000|  0%| F|  |TAMS 0x0000000089f00000| PB 0x0000000089f00000| Untracked |  0
| 116|0x000000008a000000, 0x000000008a000000, 0x000000008a100000|  0%| F|  |TAMS 0x000000008a000000| PB 0x000000008a000000| Untracked |  0
| 117|0x000000008a100000, 0x000000008a100000, 0x000000008a200000|  0%| F|  |TAMS 0x000000008a100000| PB 0x000000008a100000| Untracked |  0
| 118|0x000000008a200000, 0x000000008a200000, 0x000000008a300000|  0%| F|  |TAMS 0x000000008a200000| PB 0x000000008a200000| Untracked |  0
| 119|0x000000008a300000, 0x000000008a300000, 0x000000008a400000|  0%| F|  |TAMS 0x000000008a300000| PB 0x000000008a300000| Untracked |  0
| 120|0x000000008a400000, 0x000000008a400000, 0x000000008a500000|  0%| F|  |TAMS 0x000000008a400000| PB 0x000000008a400000| Untracked |  0
| 121|0x000000008a500000, 0x000000008a600000, 0x000000008a600000|100%| E|  |TAMS 0x000000008a500000| PB 0x000000008a500000| Complete |  0
| 122|0x000000008a600000, 0x000000008a700000, 0x000000008a700000|100%| E|CS|TAMS 0x000000008a600000| PB 0x000000008a600000| Complete |  0
| 123|0x000000008a700000, 0x000000008a800000, 0x000000008a800000|100%| E|CS|TAMS 0x000000008a700000| PB 0x000000008a700000| Complete |  0
| 124|0x000000008a800000, 0x000000008a900000, 0x000000008a900000|100%| E|CS|TAMS 0x000000008a800000| PB 0x000000008a800000| Complete |  0
| 125|0x000000008a900000, 0x000000008aa00000, 0x000000008aa00000|100%| E|CS|TAMS 0x000000008a900000| PB 0x000000008a900000| Complete |  0
|2002|0x00000000ffe00000, 0x00000000fff00000, 0x00000000fff00000|100%| O|  |TAMS 0x00000000ffe00000| PB 0x00000000ffe00000| Untracked |  0
|2003|0x00000000fff00000, 0x00000000fff256a0, 0x0000000100000000| 14%| O|  |TAMS 0x00000000fff00000| PB 0x00000000fff00000| Untracked |  0

Card table byte_map: [0x0000026d384b0000,0x0000026d388a0000] _byte_map_base: 0x0000026d3809a000

Marking Bits: (CMBitMap*) 0x0000026d1e1ecae0
 Bits: [0x0000026d388a0000, 0x0000026d3a7f0000)

Polling page: 0x0000026d1dec0000

Metaspace:
Metaspace        used 9876K, committed 10048K, reserved 1114112K
 class space     used 891K, committed 960K, reserved 1048576K

Usage:
  Non-class:      8.77 MB used.
      Class:    891.34 KB used.
       Both:      9.64 MB used.

Virtual space:
  Non-class space:       64.00 MB reserved,       8.88 MB ( 14%) committed,  1 nodes.
      Class space:        1.00 GB reserved,     960.00 KB ( <1%) committed,  1 nodes.
             Both:        1.06 GB reserved,       9.81 MB ( <1%) committed. 

Chunk freelists:
   Non-Class:  5.59 MB
       Class:  15.03 MB
        Both:  20.62 MB

MaxMetaspaceSize: unlimited
CompressedClassSpaceSize: 1.00 GB
Initial GC threshold: 21.00 MB
Current GC threshold: 21.00 MB
CDS: on
 - commit_granule_bytes: 65536.
 - commit_granule_words: 8192.
 - virtual_space_node_default_size: 8388608.
 - enlarge_chunks_in_place: 1.
UseCompressedClassPointers 1, UseCompactObjectHeaders 0
Narrow klass pointer bits 32, Max shift 3
Narrow klass base: 0x0000000020000000, Narrow klass shift: 0
Encoding Range: [0x0000000020000000 - 0x0000000120000000), (4294967296 bytes)
Klass Range:    [0x0000000020010000 - 0x0000000061000000), (1090453504 bytes)
Klass ID Range:  [65536 - 1090519033) (1090453497)
Protection zone: [0x0000000020000000 - 0x0000000020010000), (65536 bytes)


Internal statistics:

num_allocs_failed_limit: 0.
num_arena_births: 58.
num_arena_deaths: 0.
num_vsnodes_births: 2.
num_vsnodes_deaths: 0.
num_space_committed: 157.
num_space_uncommitted: 0.
num_chunks_returned_to_freelist: 0.
num_chunks_taken_from_freelist: 386.
num_chunk_merges: 0.
num_chunk_splits: 274.
num_chunks_enlarged: 223.
num_inconsistent_stats: 0.

CodeHeap 'non-profiled nmethods': size=119232Kb used=627Kb max_used=627Kb free=118604Kb
 bounds [0x0000026d2fc70000, 0x0000026d2fee0000, 0x0000026d370e0000]
CodeHeap 'profiled nmethods': size=119104Kb used=3194Kb max_used=3194Kb free=115909Kb
 bounds [0x0000026d280e0000, 0x0000026d28400000, 0x0000026d2f530000]
CodeHeap 'non-nmethods': size=7424Kb used=1365Kb max_used=3082Kb free=6058Kb
 bounds [0x0000026d2f530000, 0x0000026d2f840000, 0x0000026d2fc70000]
CodeCache: size=245760Kb, used=5186Kb, max_used=6903Kb, free=240571Kb
 total_blobs=2633, nmethods=2143, adapters=392, full_count=0
Compilation: enabled, stopped_count=0, restarted_count=0

Compilation events (20 events):
Event: 3.292 Thread 0x0000026d3d410770 nmethod 2025 0x0000026d283d7a88 code [0x0000026d283d7b80, 0x0000026d283d86f0]
Event: 3.292 Thread 0x0000026d3d412fc0 nmethod 2022 0x0000026d2fd06688 code [0x0000026d2fd06780, 0x0000026d2fd06ad0]
Event: 3.292 Thread 0x0000026d3d411fa0 nmethod 2026 0x0000026d283d8708 code [0x0000026d283d8800, 0x0000026d283d8d18]
Event: 3.294 Thread 0x0000026d3d411fa0 2027       1       java.lang.reflect.Constructor::getModifiers (5 bytes)
Event: 3.294 Thread 0x0000026d3d410770 2028       3       com.google.inject.internal.Annotations::findBindingAnnotation (76 bytes)
Event: 3.294 Thread 0x0000026d3d411fa0 nmethod 2027 0x0000026d2fd06b08 code [0x0000026d2fd06c00, 0x0000026d2fd06cc8]
Event: 3.295 Thread 0x0000026d3d410770 nmethod 2028 0x0000026d283d8d88 code [0x0000026d283d8e80, 0x0000026d283d9a20]
Event: 3.295 Thread 0x0000026d3d410770 2029       3       java.lang.reflect.AccessibleObject::getAnnotations (5 bytes)
Event: 3.295 Thread 0x0000026d3d410770 nmethod 2029 0x0000026d283d9a88 code [0x0000026d283d9b80, 0x0000026d283d9d48]
Event: 3.296 Thread 0x0000026d3d40b1b0 2030       4       java.util.ArrayList::get (15 bytes)
Event: 3.296 Thread 0x0000026d3d412fc0 2031       4       java.lang.reflect.Method::getAnnotation (6 bytes)
Event: 3.297 Thread 0x0000026d3d40b1b0 nmethod 2030 0x0000026d2fd06e08 code [0x0000026d2fd06f00, 0x0000026d2fd07008]
Event: 3.299 Thread 0x0000026d3d410770 2032       3       java.util.Collections::emptyIterator (4 bytes)
Event: 3.299 Thread 0x0000026d3d410770 nmethod 2032 0x0000026d283d9d88 code [0x0000026d283d9e80, 0x0000026d283d9f70]
Event: 3.303 Thread 0x0000026d3d40b1b0 2033       4       java.util.WeakHashMap::hash (28 bytes)
Event: 3.304 Thread 0x0000026d3d410770 2035       3       java.util.Collections$EmptySet::iterator (4 bytes)
Event: 3.304 Thread 0x0000026d3d40b1b0 nmethod 2033 0x0000026d2fd07108 code [0x0000026d2fd07200, 0x0000026d2fd07320]
Event: 3.304 Thread 0x0000026d3d40b1b0 2034       4       java.util.zip.Inflater::ensureOpen (47 bytes)
Event: 3.304 Thread 0x0000026d3d410770 nmethod 2035 0x0000026d283da088 code [0x0000026d283da180, 0x0000026d283da2e8]
Event: 3.305 Thread 0x0000026d3d40b1b0 nmethod 2034 0x0000026d2fd07408 code [0x0000026d2fd07500, 0x0000026d2fd075c0]

GC Heap Usage History (2 events):
Event: 3.262 {heap Before GC invocations=0 (full 0):
 garbage-first heap   total reserved 2052096K, committed 131072K, used 49301K [0x0000000082c00000, 0x0000000100000000)
  region size 1024K, 47 young (48128K), 0 survivors (0K)
}
Event: 3.269 {heap After GC invocations=1 (full 0):
 garbage-first heap   total reserved 2052096K, committed 131072K, used 5824K [0x0000000082c00000, 0x0000000100000000)
  region size 1024K, 5 young (5120K), 5 survivors (5120K)
}

Metaspace Usage History (2 events):
Event: 3.262 {metaspace Before GC invocations=0 (full 0):
 Metaspace       used 8898K, committed 9024K, reserved 1114112K
  class space    used 772K, committed 832K, reserved 1048576K
}
Event: 3.269 {metaspace After GC invocations=1 (full 0):
 Metaspace       used 8898K, committed 9024K, reserved 1114112K
  class space    used 772K, committed 832K, reserved 1048576K
}

Dll operation events (7 events):
Event: 0.017 Loaded shared library C:\Program Files\Java\jdk-25\bin\java.dll
Event: 0.100 Loaded shared library C:\Program Files\Java\jdk-25\bin\net.dll
Event: 0.108 Loaded shared library C:\Program Files\Java\jdk-25\bin\nio.dll
Event: 0.118 Loaded shared library C:\Program Files\Java\jdk-25\bin\zip.dll
Event: 0.445 Loaded shared library C:\Users\ASUS\.m2\wrapper\dists\apache-maven-3.9.14\ed7edd442f634ac1c1ef5ba2b61b6d690b5221091f1a8e1123f5fadcc967520d\lib\jansi-native\Windows\x86_64\jansi.dll
Event: 0.447 Loaded shared library C:\Program Files\Java\jdk-25\bin\jimage.dll
Event: 0.465 Loaded shared library C:\Program Files\Java\jdk-25\bin\verify.dll

Deoptimization events (20 events):
Event: 1.681 Thread 0x0000026d1dd78bd0 DEOPT PACKING pc=0x0000026d28308d60 sp=0x000000e9312fe150
Event: 1.681 Thread 0x0000026d1dd78bd0 DEOPT UNPACKING pc=0x0000026d2f581702 sp=0x000000e9312fd5c0 mode 0
Event: 1.830 Thread 0x0000026d1dd78bd0 Uncommon trap: trap_request=0xffffff45 fr.pc=0x0000026d2fcedbe8 relative=0x0000000000000ae8
Event: 1.830 Thread 0x0000026d1dd78bd0 Uncommon trap: reason=unstable_if action=reinterpret pc=0x0000026d2fcedbe8 method=jdk.internal.jimage.ImageStringsReader.stringFromByteBufferMatches(Ljava/nio/ByteBuffer;ILjava/lang/String;I)I @ 48 c2
Event: 1.830 Thread 0x0000026d1dd78bd0 DEOPT PACKING pc=0x0000026d2fcedbe8 sp=0x000000e9312fdf80
Event: 1.830 Thread 0x0000026d1dd78bd0 DEOPT UNPACKING pc=0x0000026d2f64f182 sp=0x000000e9312fdcb8 mode 2
Event: 1.886 Thread 0x0000026d1dd78bd0 DEOPT PACKING pc=0x0000026d28186a46 sp=0x000000e9312fdfa0
Event: 1.886 Thread 0x0000026d1dd78bd0 DEOPT UNPACKING pc=0x0000026d2f581702 sp=0x000000e9312fd4a0 mode 0
Event: 1.960 Thread 0x0000026d1dd78bd0 Uncommon trap: trap_request=0xffffffde fr.pc=0x0000026d2fca84e0 relative=0x0000000000000260
Event: 1.960 Thread 0x0000026d1dd78bd0 Uncommon trap: reason=class_check action=maybe_recompile pc=0x0000026d2fca84e0 method=java.util.HashMap.getNode(Ljava/lang/Object;)Ljava/util/HashMap$Node; @ 128 c2
Event: 1.960 Thread 0x0000026d1dd78bd0 DEOPT PACKING pc=0x0000026d2fca84e0 sp=0x000000e9312fdd80
Event: 1.960 Thread 0x0000026d1dd78bd0 DEOPT UNPACKING pc=0x0000026d2f64f182 sp=0x000000e9312fdce8 mode 2
Event: 3.257 Thread 0x0000026d1dd78bd0 Uncommon trap: trap_request=0xffffff45 fr.pc=0x0000026d2fcdf088 relative=0x0000000000000c08
Event: 3.257 Thread 0x0000026d1dd78bd0 Uncommon trap: reason=unstable_if action=reinterpret pc=0x0000026d2fcdf088 method=java.util.concurrent.ConcurrentHashMap.transfer([Ljava/util/concurrent/ConcurrentHashMap$Node;[Ljava/util/concurrent/ConcurrentHashMap$Node;)V @ 26 c2
Event: 3.257 Thread 0x0000026d1dd78bd0 DEOPT PACKING pc=0x0000026d2fcdf088 sp=0x000000e9312fe0e0
Event: 3.257 Thread 0x0000026d1dd78bd0 DEOPT UNPACKING pc=0x0000026d2f64f182 sp=0x000000e9312fe040 mode 2
Event: 3.291 Thread 0x0000026d1dd78bd0 Uncommon trap: trap_request=0xffffff45 fr.pc=0x0000026d2fca5658 relative=0x0000000000000058
Event: 3.291 Thread 0x0000026d1dd78bd0 Uncommon trap: reason=unstable_if action=reinterpret pc=0x0000026d2fca5658 method=java.lang.ref.ReferenceQueue.poll()Ljava/lang/ref/Reference; @ 4 c2
Event: 3.291 Thread 0x0000026d1dd78bd0 DEOPT PACKING pc=0x0000026d2fca5658 sp=0x000000e9312fcda0
Event: 3.291 Thread 0x0000026d1dd78bd0 DEOPT UNPACKING pc=0x0000026d2f64f182 sp=0x000000e9312fcd18 mode 2

Classes loaded (20 events):
Event: 1.954 Loading class java/lang/invoke/MethodHandle$1
Event: 1.954 Loading class java/lang/invoke/MethodHandle$1 done
Event: 2.010 Loading class sun/reflect/generics/tree/BottomSignature
Event: 2.011 Loading class sun/reflect/generics/tree/BottomSignature done
Event: 2.011 Loading class sun/reflect/generics/tree/Wildcard
Event: 2.011 Loading class sun/reflect/generics/tree/Wildcard done
Event: 2.011 Loading class sun/reflect/generics/reflectiveObjects/WildcardTypeImpl
Event: 2.011 Loading class sun/reflect/generics/reflectiveObjects/WildcardTypeImpl done
Event: 2.011 Loading class sun/reflect/annotation/AnnotatedTypeFactory$AnnotatedParameterizedTypeImpl
Event: 2.012 Loading class java/lang/reflect/AnnotatedParameterizedType
Event: 2.012 Loading class java/lang/reflect/AnnotatedParameterizedType done
Event: 2.012 Loading class sun/reflect/annotation/AnnotatedTypeFactory$AnnotatedParameterizedTypeImpl done
Event: 2.102 Loading class java/security/NoSuchAlgorithmException
Event: 2.102 Loading class java/security/GeneralSecurityException
Event: 2.102 Loading class java/security/GeneralSecurityException done
Event: 2.102 Loading class java/security/NoSuchAlgorithmException done
Event: 3.144 Loading class java/util/EventObject
Event: 3.144 Loading class java/util/EventObject done
Event: 3.290 Loading class java/util/concurrent/CompletionService
Event: 3.290 Loading class java/util/concurrent/CompletionService done

Classes unloaded (0 events):
No events

Classes redefined (0 events):
No events

Internal exceptions (20 events):
Event: 0.448 Thread 0x0000026d1dd78bd0 Exception <a 'java/lang/NullPointerException'{0x000000008a426838}> (0x000000008a426838) 
thrown [s\open\src\hotspot\share\interpreter\linkResolver.cpp, line 1416]
Event: 0.448 Thread 0x0000026d1dd78bd0 Exception <a 'java/lang/NullPointerException'{0x000000008a426b18}> (0x000000008a426b18) 
thrown [s\open\src\hotspot\share\interpreter\linkResolver.cpp, line 1416]
Event: 0.448 Thread 0x0000026d1dd78bd0 Exception <a 'java/lang/NullPointerException'{0x000000008a426df8}> (0x000000008a426df8) 
thrown [s\open\src\hotspot\share\interpreter\linkResolver.cpp, line 1416]
Event: 0.450 Thread 0x0000026d1dd78bd0 Exception <a 'java/lang/NullPointerException'{0x000000008a42bdb8}> (0x000000008a42bdb8) 
thrown [s\open\src\hotspot\share\interpreter\linkResolver.cpp, line 1416]
Event: 0.452 Thread 0x0000026d1dd78bd0 Exception <a 'java/lang/NullPointerException'{0x000000008a43dd50}> (0x000000008a43dd50) 
thrown [s\open\src\hotspot\share\interpreter\linkResolver.cpp, line 1416]
Event: 0.452 Thread 0x0000026d1dd78bd0 Exception <a 'java/lang/NullPointerException'{0x000000008a43e030}> (0x000000008a43e030) 
thrown [s\open\src\hotspot\share\interpreter\linkResolver.cpp, line 1416]
Event: 0.452 Thread 0x0000026d1dd78bd0 Exception <a 'java/lang/NullPointerException'{0x000000008a43e310}> (0x000000008a43e310) 
thrown [s\open\src\hotspot\share\interpreter\linkResolver.cpp, line 1416]
Event: 0.452 Thread 0x0000026d1dd78bd0 Exception <a 'java/lang/NullPointerException'{0x000000008a43e5f0}> (0x000000008a43e5f0) 
thrown [s\open\src\hotspot\share\interpreter\linkResolver.cpp, line 1416]
Event: 0.483 Thread 0x0000026d1dd78bd0 Exception <a 'java/lang/NoSuchMethodError'{0x000000008a31ade8}: 'void java.lang.invoke.DirectMethodHandle$Holder.invokeVirtual(java.lang.Object, java.lang.Object)'> (0x000000008a31ade8) 
thrown [s\open\src\hotspot\share\interpreter\linkResolver.cpp, line 804]
Event: 0.489 Thread 0x0000026d1dd78bd0 Exception <a 'java/lang/NoSuchMethodError'{0x000000008a33c750}: 'void java.lang.invoke.DirectMethodHandle$Holder.invokeStatic(java.lang.Object, java.lang.Object)'> (0x000000008a33c750) 
thrown [s\open\src\hotspot\share\interpreter\linkResolver.cpp, line 804]
Event: 0.490 Thread 0x0000026d1dd78bd0 Exception <a 'java/lang/NoSuchMethodError'{0x000000008a3444f8}: 'void java.lang.invoke.DirectMethodHandle$Holder.invokeStaticInit(java.lang.Object, java.lang.Object)'> (0x000000008a3444f8) 
thrown [s\open\src\hotspot\share\interpreter\linkResolver.cpp, line 804]
Event: 0.519 Thread 0x0000026d1dd78bd0 Exception <a 'java/lang/NoSuchMethodError'{0x000000008a396ba0}: 'void java.lang.invoke.DirectMethodHandle$Holder.invokeStatic(java.lang.Object, java.lang.Object, java.lang.Object)'> (0x000000008a396ba0) 
thrown [s\open\src\hotspot\share\interpreter\linkResolver.cpp, line 804]
Event: 0.635 Thread 0x0000026d1dd78bd0 Exception <a 'java/lang/NoSuchMethodError'{0x000000008a01ba88}: 'java.lang.Object java.lang.invoke.DirectMethodHandle$Holder.invokeSpecialIFC(java.lang.Object, java.lang.Object, java.lang.Object, java.lang.Object)'> (0x000000008a01ba88) 
thrown [s\open\src\hotspot\share\interpreter\linkResolver.cpp, line 804]
Event: 0.942 Thread 0x0000026d1dd78bd0 Exception <a 'java/lang/NoSuchMethodError'{0x0000000089b3cc08}: 'void java.lang.invoke.DirectMethodHandle$Holder.invokeSpecial(java.lang.Object, java.lang.Object, java.lang.Object)'> (0x0000000089b3cc08) 
thrown [s\open\src\hotspot\share\interpreter\linkResolver.cpp, line 804]
Event: 0.999 Thread 0x0000026d1dd78bd0 Exception <a 'java/lang/NoSuchMethodError'{0x0000000089a62d40}: 'java.lang.Object java.lang.invoke.DirectMethodHandle$Holder.invokeInterface(java.lang.Object, java.lang.Object)'> (0x0000000089a62d40) 
thrown [s\open\src\hotspot\share\interpreter\linkResolver.cpp, line 804]
Event: 1.025 Thread 0x0000026d1dd78bd0 Exception <a 'java/lang/NoSuchMethodError'{0x0000000089913b40}: 'int java.lang.invoke.DirectMethodHandle$Holder.invokeStatic(java.lang.Object, java.lang.Object, java.lang.Object, java.lang.Object)'> (0x0000000089913b40) 
thrown [s\open\src\hotspot\share\interpreter\linkResolver.cpp, line 804]
Event: 1.037 Thread 0x0000026d1dd78bd0 Exception <a 'java/lang/NoSuchMethodError'{0x000000008993d718}: 'int java.lang.invoke.DirectMethodHandle$Holder.invokeSpecialIFC(java.lang.Object, java.lang.Object, java.lang.Object, java.lang.Object, java.lang.Object)'> (0x000000008993d718) 
thrown [s\open\src\hotspot\share\interpreter\linkResolver.cpp, line 804]
Event: 1.152 Thread 0x0000026d1dd78bd0 Exception <a 'java/lang/NoSuchMethodError'{0x000000008971a760}: 'java.lang.Object java.lang.invoke.DirectMethodHandle$Holder.newInvokeSpecial(java.lang.Object, java.lang.Object, java.lang.Object, java.lang.Object, java.lang.Object)'> (0x000000008971a760) 
thrown [s\open\src\hotspot\share\interpreter\linkResolver.cpp, line 804]
Event: 1.218 Thread 0x0000026d1dd78bd0 Exception <a 'java/lang/NoSuchMethodError'{0x000000008963cb78}: 'int java.lang.invoke.DirectMethodHandle$Holder.invokeStaticInit(java.lang.Object, java.lang.Object)'> (0x000000008963cb78) 
thrown [s\open\src\hotspot\share\interpreter\linkResolver.cpp, line 804]
Event: 1.234 Thread 0x0000026d1dd78bd0 Exception <a 'java/lang/NoClassDefFoundError'{0x00000000896780d0}: javax/enterprise/inject/Typed> (0x00000000896780d0) 
thrown [s\open\src\hotspot\share\classfile\systemDictionary.cpp, line 316]

VM Operations (12 events):
Event: 0.121 Executing non-safepoint VM operation: HandshakeAllThreads (Deoptimize)
Event: 0.121 Executing non-safepoint VM operation: HandshakeAllThreads (Deoptimize) done
Event: 0.429 Executing non-safepoint VM operation: HandshakeAllThreads (Deoptimize)
Event: 0.429 Executing non-safepoint VM operation: HandshakeAllThreads (Deoptimize) done
Event: 0.457 Executing non-safepoint VM operation: HandshakeAllThreads (Deoptimize)
Event: 0.457 Executing non-safepoint VM operation: HandshakeAllThreads (Deoptimize) done
Event: 3.124 Executing non-safepoint VM operation: HandshakeAllThreads (Deoptimize)
Event: 3.124 Executing non-safepoint VM operation: HandshakeAllThreads (Deoptimize) done
Event: 3.164 Executing non-safepoint VM operation: HandshakeAllThreads (Deoptimize)
Event: 3.164 Executing non-safepoint VM operation: HandshakeAllThreads (Deoptimize) done
Event: 3.262 Executing safepoint VM operation: G1CollectForAllocation (G1 Evacuation Pause)
Event: 3.269 Executing safepoint VM operation: G1CollectForAllocation (G1 Evacuation Pause) done

Memory protections (0 events):
No events

Nmethod flushes (0 events):
No events

Events (20 events):
Event: 0.062 Thread 0x0000026d1dd78bd0 Thread added: 0x0000026d3d3c0d10
Event: 0.062 Thread 0x0000026d1dd78bd0 Thread added: 0x0000026d3d3c44f0
Event: 0.062 Thread 0x0000026d1dd78bd0 Thread added: 0x0000026d3d3c5940
Event: 0.062 Thread 0x0000026d1dd78bd0 Thread added: 0x0000026d3d3c6500
Event: 0.062 Thread 0x0000026d1dd78bd0 Thread added: 0x0000026d3d3c71f0
Event: 0.062 Thread 0x0000026d1dd78bd0 Thread added: 0x0000026d3d3d11d0
Event: 0.063 Thread 0x0000026d1dd78bd0 Thread added: 0x0000026d3d40b1b0
Event: 0.063 Thread 0x0000026d1dd78bd0 Thread added: 0x0000026d3d410770
Event: 0.078 Thread 0x0000026d3d40b1b0 Thread added: 0x0000026d3d411fa0
Event: 0.088 Thread 0x0000026d1dd78bd0 Thread added: 0x0000026d3d9ac5d0
Event: 0.093 Thread 0x0000026d1dd78bd0 Thread added: 0x0000026d3d9b51c0
Event: 0.239 Thread 0x0000026d3d410770 Thread added: 0x0000026d3d40ff60
Event: 0.256 Thread 0x0000026d3d411fa0 Thread added: 0x0000026d3d412fc0
Event: 0.436 Thread 0x0000026d1dd78bd0 Thread added: 0x0000026d4206cc00
Event: 0.478 Thread 0x0000026d4206cc00 Thread exited: 0x0000026d4206cc00
Event: 0.708 Thread 0x0000026d3d411fa0 Thread added: 0x0000026d3d4137d0
Event: 3.107 Thread 0x0000026d3d4137d0 Thread exited: 0x0000026d3d4137d0
Event: 3.108 Thread 0x0000026d3d40ff60 Thread exited: 0x0000026d3d40ff60
Event: 3.108 Thread 0x0000026d3d411fa0 Thread exited: 0x0000026d3d411fa0
Event: 3.146 Thread 0x0000026d3d410770 Thread added: 0x0000026d3d411fa0


Dynamic libraries:
0x00007ff7a8630000 - 0x00007ff7a8640000 	C:\Program Files\Java\jdk-25\bin\java.exe
0x00007ff8b7e60000 - 0x00007ff8b80c9000 	C:\WINDOWS\SYSTEM32\ntdll.dll
0x00007ff8b69b0000 - 0x00007ff8b6a79000 	C:\WINDOWS\System32\KERNEL32.DLL
0x00007ff8b55f0000 - 0x00007ff8b59e3000 	C:\WINDOWS\System32\KERNELBASE.dll
0x00007ff8b5ab0000 - 0x00007ff8b5bfb000 	C:\WINDOWS\System32\ucrtbase.dll
0x00007ff8b0350000 - 0x00007ff8b036e000 	C:\Program Files\Java\jdk-25\bin\VCRUNTIME140.dll
0x00007ff8939e0000 - 0x00007ff8939f7000 	C:\Program Files\Java\jdk-25\bin\jli.dll
0x00007ff8b74d0000 - 0x00007ff8b7694000 	C:\WINDOWS\System32\USER32.dll
0x00007ff89afc0000 - 0x00007ff89b253000 	C:\WINDOWS\WinSxS\amd64_microsoft.windows.common-controls_6595b64144ccf1df_6.0.26100.5074_none_3e0d6f78e32fd63f\COMCTL32.dll
0x00007ff8b53e0000 - 0x00007ff8b5407000 	C:\WINDOWS\System32\win32u.dll
0x00007ff8b5d60000 - 0x00007ff8b5e09000 	C:\WINDOWS\System32\msvcrt.dll
0x00007ff8b6920000 - 0x00007ff8b694b000 	C:\WINDOWS\System32\GDI32.dll
0x00007ff8b54c0000 - 0x00007ff8b55ed000 	C:\WINDOWS\System32\gdi32full.dll
0x00007ff8b5410000 - 0x00007ff8b54b3000 	C:\WINDOWS\System32\msvcp_win.dll
0x00007ff8b5c00000 - 0x00007ff8b5c2f000 	C:\WINDOWS\System32\IMM32.DLL
0x00007ff8ae5d0000 - 0x00007ff8ae5dc000 	C:\Program Files\Java\jdk-25\bin\vcruntime140_1.dll
0x00007ff889a30000 - 0x00007ff889abd000 	C:\Program Files\Java\jdk-25\bin\msvcp140.dll
0x00007ff800b90000 - 0x00007ff8019ef000 	C:\Program Files\Java\jdk-25\bin\server\jvm.dll
0x00007ff8b6a90000 - 0x00007ff8b6b44000 	C:\WINDOWS\System32\ADVAPI32.dll
0x00007ff8b6d40000 - 0x00007ff8b6de6000 	C:\WINDOWS\System32\sechost.dll
0x00007ff8b5c40000 - 0x00007ff8b5d58000 	C:\WINDOWS\System32\RPCRT4.dll
0x00007ff8b6ef0000 - 0x00007ff8b6f64000 	C:\WINDOWS\System32\WS2_32.dll
0x00007ff8b4e20000 - 0x00007ff8b4e7e000 	C:\WINDOWS\SYSTEM32\POWRPROF.dll
0x00007ff8a8360000 - 0x00007ff8a8395000 	C:\WINDOWS\SYSTEM32\WINMM.dll
0x00007ff8ae2c0000 - 0x00007ff8ae2cb000 	C:\WINDOWS\SYSTEM32\VERSION.dll
0x00007ff8b4e00000 - 0x00007ff8b4e14000 	C:\WINDOWS\SYSTEM32\UMPDC.dll
0x00007ff8b3d60000 - 0x00007ff8b3d7b000 	C:\WINDOWS\SYSTEM32\kernel.appcore.dll
0x00007ff8ae480000 - 0x00007ff8ae48a000 	C:\Program Files\Java\jdk-25\bin\jimage.dll
0x00007ff8a6bc0000 - 0x00007ff8a6e02000 	C:\WINDOWS\SYSTEM32\DBGHELP.DLL
0x00007ff8b63e0000 - 0x00007ff8b675b000 	C:\WINDOWS\System32\combase.dll
0x00007ff8b6e10000 - 0x00007ff8b6ee7000 	C:\WINDOWS\System32\OLEAUT32.dll
0x00007ff8a8990000 - 0x00007ff8a89cd000 	C:\WINDOWS\SYSTEM32\dbgcore.DLL
0x00007ff8b5130000 - 0x00007ff8b51c9000 	C:\WINDOWS\System32\bcryptPrimitives.dll
0x00007ff89c2a0000 - 0x00007ff89c2bf000 	C:\Program Files\Java\jdk-25\bin\java.dll
0x00007ff8b5e10000 - 0x00007ff8b5fa8000 	C:\WINDOWS\System32\ole32.dll
0x00007ff8b76a0000 - 0x00007ff8b7ded000 	C:\WINDOWS\System32\SHELL32.dll
0x00007ff8b4fc0000 - 0x00007ff8b512c000 	C:\WINDOWS\System32\wintypes.dll
0x00007ff8b2bd0000 - 0x00007ff8b3429000 	C:\WINDOWS\SYSTEM32\windows.storage.dll
0x00007ff8b6760000 - 0x00007ff8b6850000 	C:\WINDOWS\System32\SHCORE.dll
0x00007ff8b68b0000 - 0x00007ff8b6912000 	C:\WINDOWS\System32\shlwapi.dll
0x00007ff8b4ee0000 - 0x00007ff8b4f09000 	C:\WINDOWS\SYSTEM32\profapi.dll
0x00007ff89c120000 - 0x00007ff89c132000 	C:\Program Files\Java\jdk-25\bin\net.dll
0x00007ff8b42c0000 - 0x00007ff8b432b000 	C:\WINDOWS\system32\mswsock.dll
0x00007ff895190000 - 0x00007ff8951a6000 	C:\Program Files\Java\jdk-25\bin\nio.dll
0x00007ff8948c0000 - 0x00007ff8948d7000 	C:\Program Files\Java\jdk-25\bin\zip.dll
0x00007ff841f80000 - 0x00007ff841fa4000 	C:\Users\ASUS\.m2\wrapper\dists\apache-maven-3.9.14\ed7edd442f634ac1c1ef5ba2b61b6d690b5221091f1a8e1123f5fadcc967520d\lib\jansi-native\Windows\x86_64\jansi.dll
0x00007ff89ff80000 - 0x00007ff89ff90000 	C:\Program Files\Java\jdk-25\bin\verify.dll

JVMTI agents: none

dbghelp: loaded successfully - version: 4.0.5 - missing functions: none
symbol engine: initialized successfully - sym options: 0x614 - pdb path: .;C:\Program Files\Java\jdk-25\bin;C:\WINDOWS\SYSTEM32;C:\WINDOWS\WinSxS\amd64_microsoft.windows.common-controls_6595b64144ccf1df_6.0.26100.5074_none_3e0d6f78e32fd63f;C:\Program Files\Java\jdk-25\bin\server;C:\Users\ASUS\.m2\wrapper\dists\apache-maven-3.9.14\ed7edd442f634ac1c1ef5ba2b61b6d690b5221091f1a8e1123f5fadcc967520d\lib\jansi-native\Windows\x86_64

VM Arguments:
jvm_args: --enable-native-access=ALL-UNNAMED -Dclassworlds.conf=C:\Users\ASUS\.m2\wrapper\dists\apache-maven-3.9.14\ed7edd442f634ac1c1ef5ba2b61b6d690b5221091f1a8e1123f5fadcc967520d\bin\m2.conf -Dmaven.home=C:\Users\ASUS\.m2\wrapper\dists\apache-maven-3.9.14\ed7edd442f634ac1c1ef5ba2b61b6d690b5221091f1a8e1123f5fadcc967520d -Dlibrary.jansi.path=C:\Users\ASUS\.m2\wrapper\dists\apache-maven-3.9.14\ed7edd442f634ac1c1ef5ba2b61b6d690b5221091f1a8e1123f5fadcc967520d\lib\jansi-native -Dmaven.multiModuleProjectDirectory=D:\SPRINGBOOT\spring_april\spring_april 
java_command: org.codehaus.plexus.classworlds.launcher.Launcher compile
java_class_path (initial): C:\Users\ASUS\.m2\wrapper\dists\apache-maven-3.9.14\ed7edd442f634ac1c1ef5ba2b61b6d690b5221091f1a8e1123f5fadcc967520d\boot\plexus-classworlds-2.9.0.jar
Launcher Type: SUN_STANDARD

[Global flags]
     intx CICompilerCount                          = 12                                        {product} {ergonomic}
     uint ConcGCThreads                            = 3                                         {product} {ergonomic}
     uint G1ConcRefinementThreads                  = 13                                        {product} {ergonomic}
   size_t G1HeapRegionSize                         = 1048576                                   {product} {ergonomic}
   size_t InitialHeapSize                          = 132120576                                 {product} {ergonomic}
   size_t MarkStackSize                            = 4194304                                   {product} {ergonomic}
   size_t MarkStackSizeMax                         = 536870912                                 {product} {ergonomic}
   size_t MaxHeapSize                              = 2101346304                                {product} {ergonomic}
   size_t MaxNewSize                               = 1260388352                                {product} {ergonomic}
   size_t MinHeapDeltaBytes                        = 1048576                                   {product} {ergonomic}
   size_t MinHeapSize                              = 8388608                                   {product} {ergonomic}
    uintx NonNMethodCodeHeapSize                   = 7602176                                {pd product} {ergonomic}
    uintx NonProfiledCodeHeapSize                  = 122093568                              {pd product} {ergonomic}
    uintx ProfiledCodeHeapSize                     = 121962496                              {pd product} {ergonomic}
    uintx ReservedCodeCacheSize                    = 251658240                              {pd product} {ergonomic}
     bool SegmentedCodeCache                       = true                                      {product} {ergonomic}
   size_t SoftMaxHeapSize                          = 2101346304                             {manageable} {ergonomic}
     bool UseCompressedOops                        = true                           {product lp64_product} {ergonomic}
     bool UseG1GC                                  = true                                      {product} {ergonomic}
     bool UseLargePagesIndividualAllocation        = false                                  {pd product} {ergonomic}

Logging:
Log output configuration:
 #0: stdout all=warning uptime,level,tags foldmultilines=false
 #1: stderr all=off uptime,level,tags foldmultilines=false

Release file:
IMPLEMENTOR="Oracle Corporation" 
JAVA_RUNTIME_VERSION="25.0.1+8-LTS-27" 
JAVA_VERSION="25.0.1" 
JAVA_VERSION_DATE="2025-10-21" 
LIBC="default" 
MODULES="java.base java.compiler java.datatransfer java.xml java.prefs java.desktop java.instrument java.logging java.management java.security.sasl java.naming java.rmi java.management.rmi java.net.http java.scripting java.security.jgss java.transaction.xa java.sql java.sql.rowset java.xml.crypto java.se java.smartcardio jdk.accessibility jdk.internal.jvmstat jdk.attach jdk.charsets jdk.internal.opt jdk.zipfs jdk.compiler jdk.crypto.cryptoki jdk.crypto.ec jdk.crypto.mscapi jdk.dynalink jdk.internal.ed jdk.editpad jdk.internal.vm.ci jdk.graal.compiler jdk.graal.compiler.management jdk.hotspot.agent jdk.httpserver jdk.incubator.vector jdk.internal.le jdk.internal.md jdk.jartool jdk.javadoc jdk.jcmd jdk.management jdk.management.agent jdk.jconsole jdk.jdeps jdk.jdwp.agent jdk.jdi jdk.jfr jdk.jlink jdk.jpackage jdk.jshell jdk.jsobject jdk.jstatd jdk.localedata jdk.management.jfr jdk.naming.dns jdk.naming.rmi jdk.net jdk.nio.mapmode jdk.sctp jdk.security.auth jdk.security.jgss jdk.unsupported jdk.unsupported.desktop jdk.xml.dom" 
OS_ARCH="x86_64" 
OS_NAME="Windows" 
SOURCE=".:git:862c85bc42b7 open:git:78770bfaefd2" 

Environment Variables:
PATH=C:\Program Files\Java\jdk-25\bin;C:\Program Files\Python313\Scripts\;C:\Program Files\Python313\;C:\Program Files (x86)\VMware\VMware Workstation\bin\;C:\WINDOWS\system32;C:\WINDOWS;C:\WINDOWS\System32\Wbem;C:\WINDOWS\System32\WindowsPowerShell\v1.0\;C:\WINDOWS\System32\OpenSSH\;C:\Program Files\NVIDIA Corporation\NVIDIA App\NvDLISR;C:\Program Files (x86)\NVIDIA Corporation\PhysX\Common;C:\Program Files\dotnet\;C:\php-8.4.7;C:\ProgramData\ComposerSetup\bin;C:\Program Files\nodejs\;C:\Program Files\Git\cmd;C:\Program Files\MongoDB\Server\8.2\bin;C:\Program Files\Java\jdk-25\;;C:\ProgramData\chocolatey\bin;C:\Program Files\Microsoft SQL Server\150\Tools\Binn\;C:\Program Files\Microsoft SQL Server\Client SDK\ODBC\170\Tools\Binn\;C:\Program Files\Microsoft SQL Server\170\DTS\Binn\;C:\Program Files\Docker\Docker\resources\bin;c:\Users\ASUS\AppData\Local\Programs\cursor\resources\app\codeBin;C:\Program Files\Java\jdk-25\bin;C:\Users\ASUS\AppData\Local\Microsoft\WindowsApps;C:\Visaul Studio\Microsoft VS Code\bin;C:\Users\ASUS\AppData\Local\Programs\Azure Data Studio\bin;C:\Program Files\Azure Data Studio\bin;C:\Users\ASUS\AppData\Local\GitHubDesktop\bin;C:\Users\ASUS\AppData\Roaming\Composer\vendor\bin;C:\Users\ASUS\AppData\Roaming\npm;C:\Program Files\mongosh\;C:\Program Files\IntelliJ IDEA 2025.2.3\bin;C:\Program Files\JetBrains\WebStorm 2025.2.3\bin;C:\Program Files (x86)\Microsoft Visual Studio\Shared\NuGetPackages\microsoft.visualstudio.javascript.sdk;C:\Program Files\Java\jdk-25\;C:\Users\ASUS\.dotnet\tools;C:\Users\ASUS\AppData\Local\Microsoft\WinGet\Links;C:\Users\ASUS\AppData\Local\Programs\Antigravity\bin;C:\Users\ASUS\AppData\Local\Programs\cursor\resources\app\bin
USERNAME=ASUS
OS=Windows_NT
PROCESSOR_IDENTIFIER=AMD64 Family 25 Model 68 Stepping 1, AuthenticAMD
TMP=C:\Users\ASUS\AppData\Local\Temp
TEMP=C:\Users\ASUS\AppData\Local\Temp




Compilation memory statistics disabled.

Periodic native trim disabled

---------------  S Y S T E M  ---------------

OS:
 Windows 11 , 64 bit Build 26100 (10.0.26100.5074)
OS uptime: 0 days 1:53 hours
Hyper-V role detected

CPU: total 16 (initial active 16) (16 cores per cpu, 2 threads per core) family 25 model 68 stepping 1 microcode 0xa404107, cx8, cmov, fxsr, ht, mmx, 3dnowpref, sse, sse2, sse3, ssse3, sse4a, sse4.1, sse4.2, popcnt, lzcnt, tsc, tscinvbit, avx, avx2, aes, erms, clmul, bmi1, bmi2, adx, sha, fma, vzeroupper, clflush, clflushopt, clwb, hv, rdtscp, rdpid, fsrm, f16c, cet_ss
Processor Information for the first 16 processors :
  Max Mhz: 3100, Current Mhz: 3100, Mhz Limit: 3100

Memory: 4k page, system-wide physical 8010M (588M free)
TotalPageFile size 24394M (AvailPageFile size 4M)
current process WorkingSet (physical memory assigned to process): 119M, peak: 119M
current process commit charge ("private bytes"): 247M, peak: 248M

vm_info: Java HotSpot(TM) 64-Bit Server VM (25.0.1+8-LTS-27) for windows-amd64 JRE (25.0.1+8-LTS-27), built on 2025-09-25T16:41:16Z with unknown MS VC++:1943

END.
